

Microchip Technology PIC LITE Macro Assembler V2.00 build -1524193055 
                                                                                               Sun Aug 05 19:22:58 2018

Microchip Technology Omniscient Code Generator v2.00 (Free mode) build 20180527130849
     1  0000                     
      + 0000                     
     2                           ; Version 2.00
     3                           ; Generated 27/05/2018 GMT
     4                           
     5                           ; 
     6                           ; Copyright © 2018, Microchip Technology Inc. and its subsidiaries ("Microchip")
     7                           ; All rights reserved.
     8                           ; 
     9                           ; This software is developed by Microchip Technology Inc. and its subsidiaries ("Microch
                                 ip").
    10                           ; 
    11                           ; Redistribution and use in source and binary forms, with or without modification, are
    12                           ; permitted provided that the following conditions are met:
    13                           ; 
    14                           ;     1. Redistributions of source code must retain the above copyright notice, this lis
                                 t of
    15                           ;        conditions and the following disclaimer.
    16                           ; 
    17                           ;     2. Redistributions in binary form must reproduce the above copyright notice, this 
                                 list
    18                           ;        of conditions and the following disclaimer in the documentation and/or other
    19                           ;        materials provided with the distribution.
    20                           ; 
    21                           ;     3. Microchip's name may not be used to endorse or promote products derived from th
                                 is
    22                           ;        software without specific prior written permission.
    23                           ; 
    24                           ; THIS SOFTWARE IS PROVIDED BY MICROCHIP "AS IS" AND ANY EXPRESS OR IMPLIED WARRANTIES,

    25                           ; INCLUDING, BUT NOT LIMITED TO, THE IMPLIED WARRANTIES OF MERCHANTABILITY AND FITNESS F
                                 OR
    26                           ; PURPOSE ARE DISCLAIMED.  IN NO EVENT SHALL MICROCHIP BE LIABLE FOR ANY DIRECT, INDIREC
                                 T,
    27                           ; INCIDENTAL, SPECIAL, EXEMPLARY, OR CONSEQUENTIAL DAMAGES (INCLUDING BUT NOT LIMITED TO
                                 
    28                           ; PROCUREMENT OF SUBSTITUTE GOODS OR SERVICES; LOSS OF USE, DATA OR PROFITS; OR BUSINESS
                                 
    29                           ; INTERRUPTION) HOWSOEVER CAUSED AND ON ANY THEORY OF LIABILITY, WHETHER IN CONTRACT, ST
                                 RICT
    30                           ; LIABILITY, OR TORT (INCLUDING NEGLIGENCE OR OTHERWISE) ARISING IN ANY WAY OUT OF THE U
                                 SE OF
    31                           ; THIS SOFTWARE, EVEN IF ADVISED OF THE POSSIBILITY OF SUCH DAMAGE.
    32                           ; 
    33                           
    34                           
    35                           ; 
    36                           ; Code-generator required, PIC16F84A Definitions
    37                           ; 
    38  0004                     fsr0 equ 04h
    39  0004                     indf equ 00h
    40  0000                     indf0 equ 00h
    41  0000                     pc equ 02h
    42  0002                     pcl equ 02h
    43  0002                     pclath equ 0Ah
    44  000A                     status equ 03h
    45  0003                     
     2                           opt pagewidth 120
     3  0000                     byte0	macro	val
     4                           	(getbyte(val,0))
     5                           endm
     6  0000                     byte1	macro	val
     7                           	(getbyte(val,1))
     8                           endm
     9  0000                     byte2	macro	val
    10                           	(getbyte(val,2))
    11                           endm
    12  0000                     byte3	macro	val
    13                           	(getbyte(val,3))
    14                           endm
    15  0000                     byte4	macro	val
    16                           	(getbyte(val,4))
    17                           endm
    18  0000                     byte5	macro	val
    19                           	(getbyte(val,5))
    20                           endm
    21  0000                     byte6	macro	val
    22                           	(getbyte(val,6))
    23                           endm
    24  0000                     byte7	macro	val
    25                           	(getbyte(val,7))
    26                           endm
    27  0000                     getword	macro	val,pos
    28                           	(((val) >> (8 * pos)) and 0xffff)
    29                           endm
    30  0000                     word0	macro	val
    31                           	(getword(val,0))
    32                           endm
    33  0000                     word1	macro	val
    34                           	(getword(val,2))
    35                           endm
    36  0000                     word2	macro	val
    37                           	(getword(val,4))
    38                           endm
    39  0000                     word3	macro	val
    40                           	(getword(val,6))
    41                           endm
    42  0000                     gettword	macro	val,pos
    43                           	(((val) >> (8 * pos)) and 0xffffff)
    44                           endm
    45  0000                     tword0	macro	val
    46                           	(gettword(val,0))
    47                           endm
    48  0000                     tword1	macro	val
    49                           	(gettword(val,3))
    50                           endm
    51  0000                     tword2	macro	val
    52                           	(gettword(val,6))
    53                           endm
    54  0000                     getdword	macro	val,pos
    55                           	(((val) >> (8 * pos)) and 0xffffffff)
    56                           endm
    57  0000                     dword0	macro	val
    58                           	(getdword(val,0))
    59                           endm
    60  0000                     dword1	macro	val
    61                           	(getdword(val,4))
    62                           endm
    63  0000                     clrc	macro
    64                           	bcf	3,0
    65                           	endm
    66  0000                     clrz	macro
    67                           	bcf	3,2
    68                           	endm
    69  0000                     setc	macro
    70                           	bsf	3,0
    71                           	endm
    72  0000                     setz	macro
    73                           	bsf	3,2
    74                           	endm
    75  0000                     skipc	macro
    76                           	btfss	3,0
    77                           	endm
    78  0000                     skipz	macro
    79                           	btfss	3,2
    80                           	endm
    81  0000                     skipnc	macro
    82                           	btfsc	3,0
    83                           	endm
    84  0000                     skipnz	macro
    85                           	btfsc	3,2
    86                           	endm
    87  0000                     # 54 "C:\Program Files (x86)\Microchip\xc8\v2.00\pic\include\pic16f84a.h"
    88                           INDF equ 00h ;# 
    89  0000                     # 61 "C:\Program Files (x86)\Microchip\xc8\v2.00\pic\include\pic16f84a.h"
    90                           TMR0 equ 01h ;# 
    91  0001                     # 68 "C:\Program Files (x86)\Microchip\xc8\v2.00\pic\include\pic16f84a.h"
    92                           PCL equ 02h ;# 
    93  0002                     # 75 "C:\Program Files (x86)\Microchip\xc8\v2.00\pic\include\pic16f84a.h"
    94                           STATUS equ 03h ;# 
    95  0003                     # 161 "C:\Program Files (x86)\Microchip\xc8\v2.00\pic\include\pic16f84a.h"
    96                           FSR equ 04h ;# 
    97  0004                     # 168 "C:\Program Files (x86)\Microchip\xc8\v2.00\pic\include\pic16f84a.h"
    98                           PORTA equ 05h ;# 
    99  0005                     # 212 "C:\Program Files (x86)\Microchip\xc8\v2.00\pic\include\pic16f84a.h"
   100                           PORTB equ 06h ;# 
   101  0006                     # 274 "C:\Program Files (x86)\Microchip\xc8\v2.00\pic\include\pic16f84a.h"
   102                           EEDATA equ 08h ;# 
   103  0008                     # 281 "C:\Program Files (x86)\Microchip\xc8\v2.00\pic\include\pic16f84a.h"
   104                           EEADR equ 09h ;# 
   105  0009                     # 288 "C:\Program Files (x86)\Microchip\xc8\v2.00\pic\include\pic16f84a.h"
   106                           PCLATH equ 0Ah ;# 
   107  000A                     # 308 "C:\Program Files (x86)\Microchip\xc8\v2.00\pic\include\pic16f84a.h"
   108                           INTCON equ 0Bh ;# 
   109  000B                     # 386 "C:\Program Files (x86)\Microchip\xc8\v2.00\pic\include\pic16f84a.h"
   110                           OPTION_REG equ 081h ;# 
   111  0081                     # 456 "C:\Program Files (x86)\Microchip\xc8\v2.00\pic\include\pic16f84a.h"
   112                           TRISA equ 085h ;# 
   113  0085                     # 500 "C:\Program Files (x86)\Microchip\xc8\v2.00\pic\include\pic16f84a.h"
   114                           TRISB equ 086h ;# 
   115  0086                     # 562 "C:\Program Files (x86)\Microchip\xc8\v2.00\pic\include\pic16f84a.h"
   116                           EECON1 equ 088h ;# 
   117  0088                     # 606 "C:\Program Files (x86)\Microchip\xc8\v2.00\pic\include\pic16f84a.h"
   118                           EECON2 equ 089h ;# 
   119  0089                     # 54 "C:\Program Files (x86)\Microchip\xc8\v2.00\pic\include\pic16f84a.h"
   120                           INDF equ 00h ;# 
   121  0000                     # 61 "C:\Program Files (x86)\Microchip\xc8\v2.00\pic\include\pic16f84a.h"
   122                           TMR0 equ 01h ;# 
   123  0001                     # 68 "C:\Program Files (x86)\Microchip\xc8\v2.00\pic\include\pic16f84a.h"
   124                           PCL equ 02h ;# 
   125  0002                     # 75 "C:\Program Files (x86)\Microchip\xc8\v2.00\pic\include\pic16f84a.h"
   126                           STATUS equ 03h ;# 
   127  0003                     # 161 "C:\Program Files (x86)\Microchip\xc8\v2.00\pic\include\pic16f84a.h"
   128                           FSR equ 04h ;# 
   129  0004                     # 168 "C:\Program Files (x86)\Microchip\xc8\v2.00\pic\include\pic16f84a.h"
   130                           PORTA equ 05h ;# 
   131  0005                     # 212 "C:\Program Files (x86)\Microchip\xc8\v2.00\pic\include\pic16f84a.h"
   132                           PORTB equ 06h ;# 
   133  0006                     # 274 "C:\Program Files (x86)\Microchip\xc8\v2.00\pic\include\pic16f84a.h"
   134                           EEDATA equ 08h ;# 
   135  0008                     # 281 "C:\Program Files (x86)\Microchip\xc8\v2.00\pic\include\pic16f84a.h"
   136                           EEADR equ 09h ;# 
   137  0009                     # 288 "C:\Program Files (x86)\Microchip\xc8\v2.00\pic\include\pic16f84a.h"
   138                           PCLATH equ 0Ah ;# 
   139  000A                     # 308 "C:\Program Files (x86)\Microchip\xc8\v2.00\pic\include\pic16f84a.h"
   140                           INTCON equ 0Bh ;# 
   141  000B                     # 386 "C:\Program Files (x86)\Microchip\xc8\v2.00\pic\include\pic16f84a.h"
   142                           OPTION_REG equ 081h ;# 
   143  0081                     # 456 "C:\Program Files (x86)\Microchip\xc8\v2.00\pic\include\pic16f84a.h"
   144                           TRISA equ 085h ;# 
   145  0085                     # 500 "C:\Program Files (x86)\Microchip\xc8\v2.00\pic\include\pic16f84a.h"
   146                           TRISB equ 086h ;# 
   147  0086                     # 562 "C:\Program Files (x86)\Microchip\xc8\v2.00\pic\include\pic16f84a.h"
   148                           EECON1 equ 088h ;# 
   149  0088                     # 606 "C:\Program Files (x86)\Microchip\xc8\v2.00\pic\include\pic16f84a.h"
   150                           EECON2 equ 089h ;# 
   151  0089                     	FNROOT	_main
   152                           	global	_pa
   153                           	global	_PORTB
   154                           _PORTB	set	0x6
   155  0006                     	global	_PORTA
   156                           _PORTA	set	0x5
   157  0005                     	global	_TRISB
   158                           _TRISB	set	0x86
   159  0086                     	global	_TRISA4
   160                           _TRISA4	set	0x42C
   161  042C                     	global	_TRISA3
   162                           _TRISA3	set	0x42B
   163  042B                     	global	_TRISA2
   164                           _TRISA2	set	0x42A
   165  042A                     	global	_TRISA1
   166                           _TRISA1	set	0x429
   167  0429                     	global	_TRISA0
   168                           _TRISA0	set	0x428
   169  0428                     ; #config settings
   170                           	file	"C:\Users\FOMONS~1\AppData\Local\Temp\s9as."
   171                           	line	#
   172                           psect cinit,class=CODE,delta=2
   173                           global start_initialization
   174                           start_initialization:
   175  03FB                     
   176                           global __initialization
   177                           __initialization:
   178  03FB                     psect	bssBANK0,class=BANK0,space=1,noexec
   179                           global __pbssBANK0
   180                           __pbssBANK0:
   181  000F                     _pa:
   182  000F                            ds      2
   183  000F                     
   184                           	file	"C:\Users\FOMONS~1\AppData\Local\Temp\s9as."
   185                           	line	#
   186                           ; Clear objects allocated to BANK0
   187                           psect cinit,class=CODE,delta=2,merge=1
   188                           	bcf	status, 5	;RP0=0, select bank0
   189  03FB  1283               	clrf	((__pbssBANK0)+0)&07Fh
   190  03FC  018F               	clrf	((__pbssBANK0)+1)&07Fh
   191  03FD  0190               psect cinit,class=CODE,delta=2,merge=1
   192                           global end_of_initialization,__end_of__initialization
   193                           
   194                           ;End of C runtime variable initialization code
   195                           
   196                           end_of_initialization:
   197  03FE                     __end_of__initialization:
   198  03FE                     clrf status
   199  03FE  0183               ljmp _main	;jump to C main() function
   200  03FF  2BCB               psect	cstackBANK0,class=BANK0,space=1,noexec
   201                           global __pcstackBANK0
   202                           __pcstackBANK0:
   203  000C                     ?_main:	; 1 bytes @ 0x0
   204  000C                     ??_main:	; 1 bytes @ 0x0
   205  000C                     	ds	3
   206  000C                     ;!
   207                           ;!Data Sizes:
   208                           ;!    Strings     0
   209                           ;!    Constant    0
   210                           ;!    Data        0
   211                           ;!    BSS         2
   212                           ;!    Persistent  0
   213                           ;!    Stack       0
   214                           ;!
   215                           ;!Auto Spaces:
   216                           ;!    Space          Size  Autos    Used
   217                           ;!    COMMON            0      0       0
   218                           ;!    BANK0            66      3       5
   219                           
   220                           ;!
   221                           ;!Pointer List with Targets:
   222                           ;!
   223                           ;!    None.
   224                           
   225                           
   226                           ;!
   227                           ;!Critical Paths under _main in COMMON
   228                           ;!
   229                           ;!    None.
   230                           ;!
   231                           ;!Critical Paths under _main in BANK0
   232                           ;!
   233                           ;!    None.
   234                           
   235 ;;
   236 ;;Main: autosize = 0, tempsize = 3, incstack = 0, save=0
   237 ;;
   238                           
   239                           ;!
   240                           ;!Call Graph Tables:
   241                           ;!
   242                           ;! ---------------------------------------------------------------------------------
   243                           ;! (Depth) Function   	        Calls       Base Space   Used Autos Params    Refs
   244                           ;! ---------------------------------------------------------------------------------
   245                           ;! (0) _main                                                 3     3      0       0
   246                           ;!                                              0 BANK0      3     3      0
   247                           ;! ---------------------------------------------------------------------------------
   248                           ;! Estimated maximum stack depth 0
   249                           ;! ---------------------------------------------------------------------------------
   250                           ;!
   251                           ;! Call Graph Graphs:
   252                           ;!
   253                           ;! _main (ROOT)
   254                           ;!
   255                           
   256                           ;! Address spaces:
   257                           
   258                           ;!Name               Size   Autos  Total    Cost      Usage
   259                           ;!BITCOMMON            0      0       0       0        0.0%
   260                           ;!EEDATA              40      0       0       0        0.0%
   261                           ;!NULL                 0      0       0       0        0.0%
   262                           ;!CODE                 0      0       0       0        0.0%
   263                           ;!BITSFR0              0      0       0       1        0.0%
   264                           ;!SFR0                 0      0       0       1        0.0%
   265                           ;!COMMON               0      0       0       1        0.0%
   266                           ;!BITSFR1              0      0       0       2        0.0%
   267                           ;!SFR1                 0      0       0       2        0.0%
   268                           ;!STACK                0      0       0       2        0.0%
   269                           ;!BANK0               42      3       5       3        7.6%
   270                           ;!ABS                  0      0       5       4        0.0%
   271                           ;!BITBANK0            42      0       0       5        0.0%
   272                           ;!DATA                 0      0       5       6        0.0%
   273                           
   274                           	global	_main
   275                           
   276 ;; *************** function _main *****************
   277 ;; Defined at:
   278 ;;		line 53 in file "main.c"
   279 ;; Parameters:    Size  Location     Type
   280 ;;		None
   281 ;; Auto vars:     Size  Location     Type
   282 ;;		None
   283 ;; Return value:  Size  Location     Type
   284 ;;                  1    wreg      void 
   285 ;; Registers used:
   286 ;;		wreg, status,2, status,0
   287 ;; Tracked objects:
   288 ;;		On entry : B00/0
   289 ;;		On exit  : 0/0
   290 ;;		Unchanged: 0/0
   291 ;; Data sizes:     COMMON   BANK0
   292 ;;      Params:         0       0
   293 ;;      Locals:         0       0
   294 ;;      Temps:          0       3
   295 ;;      Totals:         0       3
   296 ;;Total ram usage:        3 bytes
   297 ;; This function calls:
   298 ;;		Nothing
   299 ;; This function is called by:
   300 ;;		Startup code after reset
   301 ;; This function uses a non-reentrant model
   302 ;;
   303                           psect	maintext,global,class=CODE,delta=2,split=1,group=0
   304                           	file	"main.c"
   305                           	line	53
   306                           global __pmaintext
   307                           __pmaintext:	;psect for function _main
   308  03CB                     psect	maintext
   309                           	file	"main.c"
   310                           	line	53
   311                           	global	__size_of_main
   312                           	__size_of_main	equ	__end_of_main-_main
   313  0030                     	
   314                           _main:	
   315  03CB                     ;incstack = 0
   316                           	opt	stack 8
   317                           ; Regs used in _main: [wreg+status,2+status,0]
   318                           	line	58
   319                           	
   320                           l621:	
   321  03CB                     ;main.c: 58:     TRISA0 = 1;
   322                           	bsf	status, 5	;RP0=1, select bank1
   323  03CB  1683               	bsf	(1064/8)^080h,(1064)&7	;volatile
   324  03CC  1405               	line	59
   325                           ;main.c: 59:     TRISA1 = 0;
   326                           	bcf	(1065/8)^080h,(1065)&7	;volatile
   327  03CD  1085               	line	60
   328                           ;main.c: 60:     TRISA2 = 0;
   329                           	bcf	(1066/8)^080h,(1066)&7	;volatile
   330  03CE  1105               	line	61
   331                           ;main.c: 61:     TRISA3 = 1;
   332                           	bsf	(1067/8)^080h,(1067)&7	;volatile
   333  03CF  1585               	line	62
   334                           ;main.c: 62:     TRISA4 = 1;
   335                           	bsf	(1068/8)^080h,(1068)&7	;volatile
   336  03D0  1605               	line	64
   337                           	
   338                           l623:	
   339  03D1                     ;main.c: 64:     PORTA = 0b00000000;
   340                           	bcf	status, 5	;RP0=0, select bank0
   341  03D1  1283               	clrf	(5)	;volatile
   342  03D2  0185               	line	66
   343                           ;main.c: 66:     TRISB = 0b00000000;
   344                           	bsf	status, 5	;RP0=1, select bank1
   345  03D3  1683               	clrf	(134)^080h	;volatile
   346  03D4  0186               	line	67
   347                           	
   348                           l625:	
   349  03D5                     ;main.c: 67:     PORTB = 0b00000010;
   350                           	movlw	low(02h)
   351  03D5  3002               	bcf	status, 5	;RP0=0, select bank0
   352  03D6  1283               	movwf	(6)	;volatile
   353  03D7  0086               	goto	l627
   354  03D8  2BD9               	line	93
   355                           ;main.c: 93:     while(1)
   356                           	
   357                           l25:	
   358  03D9                     	line	96
   359                           	
   360                           l627:	
   361  03D9                     ;main.c: 94:     {;main.c: 96:         if (pa) {
   362                           	bcf	status, 5	;RP0=0, select bank0
   363  03D9  1283               	movf	((_pa)),w
   364  03DA  080F               iorwf	((_pa+1)),w
   365  03DB  0410               	btfsc	status,2
   366  03DC  1903               	goto	u21
   367  03DD  2BDF               	goto	u20
   368  03DE  2BE0               u21:
   369  03DF                     	goto	l633
   370  03DF  2BE5               u20:
   371  03E0                     	line	97
   372                           	
   373                           l629:	
   374  03E0                     ;main.c: 97:             PORTB = 0b00000010;
   375                           	movlw	low(02h)
   376  03E0  3002               	movwf	(6)	;volatile
   377  03E1  0086               	line	98
   378                           	
   379                           l631:	
   380  03E2                     ;main.c: 98:            pa = 0;
   381                           	clrf	(_pa)
   382  03E2  018F               	clrf	(_pa+1)
   383  03E3  0190               	line	99
   384                           ;main.c: 99:         } else {
   385                           	goto	l637
   386  03E4  2BEB               	
   387                           l26:	
   388  03E5                     	line	100
   389                           	
   390                           l633:	
   391  03E5                     ;main.c: 100:             PORTB = 0b00000000;
   392                           	clrf	(6)	;volatile
   393  03E5  0186               	line	101
   394                           	
   395                           l635:	
   396  03E6                     ;main.c: 101:            pa = 1;
   397                           	movlw	01h
   398  03E6  3001               	movwf	(_pa)
   399  03E7  008F               	movlw	0
   400  03E8  3000               	movwf	((_pa))+1
   401  03E9  0090               	goto	l637
   402  03EA  2BEB               	line	102
   403                           ;main.c: 102:         }
   404                           	
   405                           l27:	
   406  03EB                     	line	103
   407                           	
   408                           l637:	
   409  03EB                     ;main.c: 103:         _delay((unsigned long)((1000)*(8000000/4000.0)));
   410                           	opt asmopt_push
   411                           opt asmopt_off
   412                           movlw  11
   413  03EB  300B               movwf	((??_main+0)+0+2),f
   414  03EC  008E               movlw	38
   415  03ED  3026               movwf	((??_main+0)+0+1),f
   416  03EE  008D               	movlw	93
   417  03EF  305D               movwf	((??_main+0)+0),f
   418  03F0  008C               	u37:
   419  03F1                     decfsz	((??_main+0)+0),f
   420  03F1  0B8C               	goto	u37
   421  03F2  2BF1               	decfsz	((??_main+0)+0+1),f
   422  03F3  0B8D               	goto	u37
   423  03F4  2BF1               	decfsz	((??_main+0)+0+2),f
   424  03F5  0B8E               	goto	u37
   425  03F6  2BF1               	nop2
   426  03F7  2BF8               opt asmopt_pop
   427                           
   428                           	goto	l627
   429  03F8  2BD9               	line	105
   430                           ;main.c: 105:     }
   431                           	
   432                           l28:	
   433  03F9                     	goto	l627
   434  03F9  2BD9               	
   435                           l29:	
   436  03FA                     	line	107
   437                           	
   438                           l30:	
   439  03FA                     	global	start
   440                           	ljmp	start
   441  03FA  2800               	opt stack 0
   442                           GLOBAL	__end_of_main
   443                           	__end_of_main:
   444  03FB                     	signat	_main,89
   445                           global	___latbits
   446                           ___latbits	equ	0
   447  0000                     	global	btemp
   448                           	btemp set 04Eh
   449  004E                     
   450                           	DABS	1,78,2	;btemp
   451                           	global	wtemp0
   452                           	wtemp0 set btemp+0
   453  004E                     	end


Data Sizes:
    Strings     0
    Constant    0
    Data        0
    BSS         2
    Persistent  0
    Stack       0

Auto Spaces:
    Space          Size  Autos    Used
    COMMON            0      0       0
    BANK0            66      3       5

Pointer List with Targets:

    None.

Critical Paths under _main in COMMON

    None.

Critical Paths under _main in BANK0

    None.

Call Graph Tables:

 ---------------------------------------------------------------------------------
 (Depth) Function   	        Calls       Base Space   Used Autos Params    Refs
 ---------------------------------------------------------------------------------
 (0) _main                                                 3     3      0       0
                                              0 BANK0      3     3      0
 ---------------------------------------------------------------------------------
 Estimated maximum stack depth 0
 ---------------------------------------------------------------------------------

 Call Graph Graphs:

 _main (ROOT)

 Address spaces:
Name               Size   Autos  Total    Cost      Usage
BITCOMMON            0      0       0       0        0.0%
EEDATA              40      0       0       0        0.0%
NULL                 0      0       0       0        0.0%
CODE                 0      0       0       0        0.0%
BITSFR0              0      0       0       1        0.0%
SFR0                 0      0       0       1        0.0%
COMMON               0      0       0       1        0.0%
BITSFR1              0      0       0       2        0.0%
SFR1                 0      0       0       2        0.0%
STACK                0      0       0       2        0.0%
BANK0               42      3       5       3        7.6%
ABS                  0      0       5       4        0.0%
BITBANK0            42      0       0       5        0.0%
DATA                 0      0       5       6        0.0%


Microchip Technology PIC Macro Assembler V2.00 build -1524193055 
Symbol Table                                                                                   Sun Aug 05 19:22:58 2018

                     l30 03FA                       l25 03D9                       l26 03E5  
                     l27 03EB                       l28 03F9                       l29 03FA  
                     u20 03E0                       u21 03DF                       u37 03F1  
                     _pa 000F                      l621 03CB                      l631 03E2  
                    l623 03D1                      l633 03E5                      l625 03D5  
                    l635 03E6                      l627 03D9                      l637 03EB  
                    l629 03E0                     _main 03CB                     btemp 004E  
                   start 0000                    ?_main 000C                    _PORTA 0005  
                  _PORTB 0006                    _TRISB 0086                    status 0003  
                  wtemp0 004E          __initialization 03FB             __end_of_main 03FB  
                 ??_main 000C                   _TRISA0 0428                   _TRISA1 0429  
                 _TRISA2 042A                   _TRISA3 042B                   _TRISA4 042C  
__end_of__initialization 03FE               __pbssBANK0 000F               __pmaintext 03CB  
   end_of_initialization 03FE      start_initialization 03FB                ___latbits 0000  
          __pcstackBANK0 000C            __size_of_main 0030  
