Flow report for zcontroller
Tue Sep 10 15:12:21 2019
Quartus II Version 9.1 Build 350 03/24/2010 Service Pack 2 SJ Web Edition


---------------------
; Table of Contents ;
---------------------
  1. Legal Notice
  2. Flow Summary
  3. Flow Settings
  4. Flow Non-Default Global Settings
  5. Flow Elapsed Time
  6. Flow OS Summary
  7. Flow Log



----------------
; Legal Notice ;
----------------
Copyright (C) 1991-2010 Altera Corporation
Your use of Altera Corporation's design tools, logic functions 
and other software and tools, and its AMPP partner logic 
functions, and any output files from any of the foregoing 
(including device programming or simulation files), and any 
associated documentation or information are expressly subject 
to the terms and conditions of the Altera Program License 
Subscription Agreement, Altera MegaCore Function License 
Agreement, or other applicable license agreement, including, 
without limitation, that your use is for the sole purpose of 
programming logic devices manufactured by Altera and sold by 
Altera or its authorized distributors.  Please refer to the 
applicable agreement for further details.



+------------------------------------------------------------------------+
; Flow Summary                                                           ;
+-------------------------+----------------------------------------------+
; Flow Status             ; Successful - Tue Sep 10 15:12:21 2019        ;
; Quartus II Version      ; 9.1 Build 350 03/24/2010 SP 2 SJ Web Edition ;
; Revision Name           ; zcontroller                                  ;
; Top-level Entity Name   ; zcontroller                                  ;
; Family                  ; MAX7000S                                     ;
; Device                  ; EPM7160SLC84-10                              ;
; Timing Models           ; Final                                        ;
; Met timing requirements ; Yes                                          ;
; Total macrocells        ; 124 / 160 ( 78 % )                           ;
; Total pins              ; 64 / 64 ( 100 % )                            ;
+-------------------------+----------------------------------------------+


+-----------------------------------------+
; Flow Settings                           ;
+-------------------+---------------------+
; Option            ; Setting             ;
+-------------------+---------------------+
; Start date & time ; 09/10/2019 15:12:17 ;
; Main task         ; Compilation         ;
; Revision Name     ; zcontroller         ;
+-------------------+---------------------+


+----------------------------------------------------------------------------------------------------------------------------------------------------------------------------------------------+
; Flow Non-Default Global Settings                                                                                                                                                             ;
+------------------------------------+-------------------------------------------------------------------------------------------+------------------------------+-------------+----------------+
; Assignment Name                    ; Value                                                                                     ; Default Value                ; Entity Name ; Section Id     ;
+------------------------------------+-------------------------------------------------------------------------------------------+------------------------------+-------------+----------------+
; COMPILER_SIGNATURE_ID              ; 272903318344614.156811753703380                                                           ; --                           ; --          ; --             ;
; INCREMENTAL_COMPILATION            ; Off                                                                                       ; FULL_INCREMENTAL_COMPILATION ; --          ; --             ;
; MAX7000_OPTIMIZATION_TECHNIQUE     ; Area                                                                                      ; Speed                        ; --          ; --             ;
; MISC_FILE                          ; C:/Users/fomonster/Dropbox/ZX/z-controller/my/zcontroller.dpf                             ; --                           ; --          ; --             ;
; MISC_FILE                          ; C:/Users/fomonster/Dropbox/ZX/z-controller/zcontroller/zcontroller.dpf                    ; --                           ; --          ; --             ;
; MISC_FILE                          ; C:/Users/fomonster/Dropbox/ZX/z-controller/zcontroller/alteraEPM7128SLC84/zcontroller.dpf ; --                           ; --          ; --             ;
; MISC_FILE                          ; C:/Users/fomonster/Dropbox/ZX/z-controller/zcontroller/alteraEPM7160SLC84/zcontroller.dpf ; --                           ; --          ; --             ;
; USE_GENERATED_PHYSICAL_CONSTRAINTS ; Off                                                                                       ; --                           ; --          ; eda_blast_fpga ;
+------------------------------------+-------------------------------------------------------------------------------------------+------------------------------+-------------+----------------+


+-----------------------------------------------------------------------------------------------------------------------------+
; Flow Elapsed Time                                                                                                           ;
+-------------------------+--------------+-------------------------+---------------------+------------------------------------+
; Module Name             ; Elapsed Time ; Average Processors Used ; Peak Virtual Memory ; Total CPU Time (on all processors) ;
+-------------------------+--------------+-------------------------+---------------------+------------------------------------+
; Analysis & Synthesis    ; 00:00:01     ; 1.0                     ; 245 MB              ; 00:00:02                           ;
; Fitter                  ; 00:00:00     ; 1.0                     ; 185 MB              ; 00:00:00                           ;
; Assembler               ; 00:00:00     ; 1.0                     ; 188 MB              ; 00:00:00                           ;
; Classic Timing Analyzer ; 00:00:00     ; 1.0                     ; 160 MB              ; 00:00:00                           ;
; Total                   ; 00:00:01     ; --                      ; --                  ; 00:00:02                           ;
+-------------------------+--------------+-------------------------+---------------------+------------------------------------+


+------------------------------------------------------------------------------------------+
; Flow OS Summary                                                                          ;
+-------------------------+------------------+---------------+------------+----------------+
; Module Name             ; Machine Hostname ; OS Name       ; OS Version ; Processor type ;
+-------------------------+------------------+---------------+------------+----------------+
; Analysis & Synthesis    ; pca              ; Windows Vista ; 6.2        ; x86_64         ;
; Fitter                  ; pca              ; Windows Vista ; 6.2        ; x86_64         ;
; Assembler               ; pca              ; Windows Vista ; 6.2        ; x86_64         ;
; Classic Timing Analyzer ; pca              ; Windows Vista ; 6.2        ; x86_64         ;
+-------------------------+------------------+---------------+------------+----------------+


------------
; Flow Log ;
------------
quartus_map --read_settings_files=on --write_settings_files=off zcontroller -c zcontroller
quartus_fit --read_settings_files=off --write_settings_files=off zcontroller -c zcontroller
quartus_asm --read_settings_files=off --write_settings_files=off zcontroller -c zcontroller
quartus_tan --read_settings_files=off --write_settings_files=off zcontroller -c zcontroller



